2022.03.26 23:43:30 INFO  Started: Metals version 0.11.1 in workspace '/home/ducuara/Documents/Unicodes/ArchiSoftware' for client coc.nvim 0.0.80.[0m
2022.03.26 23:43:30 INFO  Parse release: 11.0.15[0m
2022.03.26 23:43:34 INFO  time: initialize in 4s[0m
2022.03.26 23:43:34 WARN  Build server is not auto-connectable.[0m
2022.03.26 23:43:34 WARN  no build tool detected in workspace '/home/ducuara/Documents/Unicodes/ArchiSoftware'. The most common cause for this problem is that the editor was opened in the wrong working directory, for example if you use sbt then the workspace directory should contain build.sbt. [0m
2022.03.26 23:43:35 WARN  no build target for: /home/ducuara/Documents/Unicodes/ArchiSoftware/sha/sha512.scala[0m
2022.03.26 23:43:47 INFO  no build target found for /home/ducuara/Documents/Unicodes/ArchiSoftware/sha/sha512.scala. Using presentation compiler with project's scala-library version: 3.1.0[0m
Mar 26, 2022 11:45:04 PM org.eclipse.lsp4j.jsonrpc.RemoteEndpoint handleCancellation
WARNING: Unmatched cancel notification for request id 34
Mar 26, 2022 11:52:30 PM org.eclipse.lsp4j.jsonrpc.RemoteEndpoint handleCancellation
WARNING: Unmatched cancel notification for request id 162
2022.03.27 00:00:46 WARN  no build target for: /home/ducuara/Documents/Unicodes/ArchiSoftware/sha/sha512.scala[0m
2022.03.27 00:03:40 WARN  no build target for: /home/ducuara/Documents/Unicodes/ArchiSoftware/sha/sha512.scala[0m
2022.03.27 00:04:23 WARN  no build target for: /home/ducuara/Documents/Unicodes/ArchiSoftware/sha/sha512.scala[0m
2022.03.27 00:04:45 WARN  no build target for: /home/ducuara/Documents/Unicodes/ArchiSoftware/sha/sha512.scala[0m
Mar 27, 2022 12:07:40 AM org.eclipse.lsp4j.jsonrpc.RemoteEndpoint handleCancellation
WARNING: Unmatched cancel notification for request id 391
2022.03.27 00:16:05 WARN  no build target for: /home/ducuara/Documents/Unicodes/ArchiSoftware/sha/sha512.scala[0m
2022.03.27 00:16:28 WARN  no build target for: /home/ducuara/Documents/Unicodes/ArchiSoftware/sha/sha512.scala[0m
2022.03.27 00:16:49 WARN  no build target for: /home/ducuara/Documents/Unicodes/ArchiSoftware/sha/sha512.scala[0m
2022.03.27 00:17:26 WARN  no build target for: /home/ducuara/Documents/Unicodes/ArchiSoftware/sha/sha512.scala[0m
2022.03.27 00:30:03 WARN  no build target for: /home/ducuara/Documents/Unicodes/ArchiSoftware/sha/sha512.scala[0m
2022.03.27 00:30:36 WARN  no build target for: /home/ducuara/Documents/Unicodes/ArchiSoftware/sha/sha512.scala[0m
2022.03.27 00:32:12 WARN  no build target for: /home/ducuara/Documents/Unicodes/ArchiSoftware/sha/sha512.scala[0m
2022.03.27 00:34:26 WARN  no build target for: /home/ducuara/Documents/Unicodes/ArchiSoftware/sha/sha512.scala[0m
2022.03.27 00:35:09 WARN  no build target for: /home/ducuara/Documents/Unicodes/ArchiSoftware/sha/sha512.scala[0m
2022.03.27 00:35:27 WARN  no build target for: /home/ducuara/Documents/Unicodes/ArchiSoftware/sha/sha512.scala[0m
2022.03.27 00:35:54 WARN  no build target for: /home/ducuara/Documents/Unicodes/ArchiSoftware/sha/sha512.scala[0m
2022.03.27 00:36:24 WARN  no build target for: /home/ducuara/Documents/Unicodes/ArchiSoftware/sha/sha512.scala[0m
2022.03.27 00:37:23 WARN  no build target for: /home/ducuara/Documents/Unicodes/ArchiSoftware/sha/sha512.scala[0m
2022.03.27 00:38:04 WARN  no build target for: /home/ducuara/Documents/Unicodes/ArchiSoftware/sha/sha512.scala[0m
2022.03.27 00:44:11 WARN  no build target for: /home/ducuara/Documents/Unicodes/ArchiSoftware/sha/sha512.scala[0m
2022.03.27 00:44:24 INFO  Started: Metals version 0.11.1 in workspace '/home/ducuara/Documents/Unicodes/ArchiSoftware' for client coc.nvim 0.0.80.[0m
2022.03.27 00:44:24 INFO  Parse release: 11.0.15[0m
2022.03.27 00:44:30 INFO  time: initialize in 5.34s[0m
2022.03.27 00:44:34 WARN  Build server is not auto-connectable.[0m
2022.03.27 00:44:34 WARN  no build tool detected in workspace '/home/ducuara/Documents/Unicodes/ArchiSoftware'. The most common cause for this problem is that the editor was opened in the wrong working directory, for example if you use sbt then the workspace directory should contain build.sbt. [0m
2022.03.27 00:44:34 WARN  no build target for: /home/ducuara/Documents/Unicodes/ArchiSoftware/sha/Random.scala[0m
2022.03.27 00:44:43 INFO  no build target found for /home/ducuara/Documents/Unicodes/ArchiSoftware/sha/Random.scala. Using presentation compiler with project's scala-library version: 3.1.0[0m
2022.03.27 00:44:46 WARN  no build target for: /home/ducuara/Documents/Unicodes/ArchiSoftware/sha/Random.scala[0m
2022.03.27 00:44:58 INFO  Started: Metals version 0.11.1 in workspace '/home/ducuara/Documents/Unicodes/ArchiSoftware' for client coc.nvim 0.0.80.[0m
2022.03.27 00:44:58 INFO  Parse release: 11.0.15[0m
2022.03.27 00:45:03 INFO  time: initialize in 5.01s[0m
2022.03.27 00:45:04 WARN  Build server is not auto-connectable.[0m
2022.03.27 00:45:04 WARN  no build tool detected in workspace '/home/ducuara/Documents/Unicodes/ArchiSoftware'. The most common cause for this problem is that the editor was opened in the wrong working directory, for example if you use sbt then the workspace directory should contain build.sbt. [0m
2022.03.27 00:45:05 WARN  no build target for: /home/ducuara/Documents/Unicodes/ArchiSoftware/sha/Random.scala[0m
2022.03.27 00:45:13 INFO  no build target found for /home/ducuara/Documents/Unicodes/ArchiSoftware/sha/Random.scala. Using presentation compiler with project's scala-library version: 3.1.0[0m
2022.03.27 00:45:35 WARN  no build target for: /home/ducuara/Documents/Unicodes/ArchiSoftware/sha/Random.scala[0m
2022.03.27 00:45:40 WARN  no build target for: /home/ducuara/Documents/Unicodes/ArchiSoftware/sha/sha512.scala[0m
2022.03.27 00:46:45 INFO  Started: Metals version 0.11.1 in workspace '/home/ducuara/Documents/Unicodes/ArchiSoftware' for client coc.nvim 0.0.80.[0m
2022.03.27 00:46:45 INFO  Parse release: 11.0.15[0m
2022.03.29 08:33:41 INFO  tracing is disabled for protocol LSP, to enable tracing of incoming and outgoing JSON messages create an empty file at /home/ducuara/Documents/Unicodes/ArchiSoftware/.metals/lsp.trace.json or /home/ducuara/.cache/metals/lsp.trace.json[0m
2022.03.29 08:33:42 INFO  logging to file /home/ducuara/Documents/Unicodes/ArchiSoftware/.metals/metals.log[0m
2022.03.29 08:33:42 INFO  Started: Metals version 0.11.1 in workspace '/home/ducuara/Documents/Unicodes/ArchiSoftware' for client coc.nvim 0.0.80.[0m
2022.03.29 08:33:42 INFO  Parse release: 11.0.15[0m
2022.03.29 08:33:46 INFO  time: initialize in 4.24s[0m
2022.03.29 08:33:50 WARN  Build server is not auto-connectable.[0m
2022.03.29 08:33:50 WARN  no build tool detected in workspace '/home/ducuara/Documents/Unicodes/ArchiSoftware'. The most common cause for this problem is that the editor was opened in the wrong working directory, for example if you use sbt then the workspace directory should contain build.sbt. [0m
2022.03.29 08:33:50 WARN  no build target for: /home/ducuara/Documents/Unicodes/ArchiSoftware/sha/sha512.scala[0m
2022.03.29 08:33:58 INFO  no build target found for /home/ducuara/Documents/Unicodes/ArchiSoftware/sha/sha512.scala. Using presentation compiler with project's scala-library version: 3.1.0[0m
2022.03.29 13:41:05 INFO  tracing is disabled for protocol LSP, to enable tracing of incoming and outgoing JSON messages create an empty file at /home/ducuara/Documents/Unicodes/ArchiSoftware/.metals/lsp.trace.json or /home/ducuara/.cache/metals/lsp.trace.json[0m
2022.03.29 13:41:06 INFO  logging to file /home/ducuara/Documents/Unicodes/ArchiSoftware/.metals/metals.log[0m
2022.03.29 13:41:06 INFO  Started: Metals version 0.11.1 in workspace '/home/ducuara/Documents/Unicodes/ArchiSoftware' for client coc.nvim 0.0.80.[0m
2022.03.29 13:41:06 INFO  Parse release: 11.0.15[0m
2022.03.29 13:41:11 INFO  time: initialize in 5.42s[0m
2022.03.29 13:41:12 WARN  Build server is not auto-connectable.[0m
2022.03.29 13:41:12 WARN  no build tool detected in workspace '/home/ducuara/Documents/Unicodes/ArchiSoftware'. The most common cause for this problem is that the editor was opened in the wrong working directory, for example if you use sbt then the workspace directory should contain build.sbt. [0m
2022.03.29 13:41:12 WARN  no build target for: /home/ducuara/Documents/Unicodes/ArchiSoftware/sha/sha512.scala[0m
2022.03.29 13:41:19 INFO  no build target found for /home/ducuara/Documents/Unicodes/ArchiSoftware/sha/sha512.scala. Using presentation compiler with project's scala-library version: 3.1.0[0m
Mar 29, 2022 1:54:21 PM org.eclipse.lsp4j.jsonrpc.RemoteEndpoint handleCancellation
WARNING: Unmatched cancel notification for request id 231
2022.03.29 14:00:27 WARN  no build target for: /home/ducuara/Documents/Unicodes/ArchiSoftware/sha/sha512.scala[0m
2022.03.29 14:01:35 WARN  no build target for: /home/ducuara/Documents/Unicodes/ArchiSoftware/sha/sha512.scala[0m
2022.03.29 14:02:03 WARN  no build target for: /home/ducuara/Documents/Unicodes/ArchiSoftware/sha/sha512.scala[0m
2022.03.29 14:02:42 WARN  no build target for: /home/ducuara/Documents/Unicodes/ArchiSoftware/sha/sha512.scala[0m
2022.03.29 14:03:10 WARN  no build target for: /home/ducuara/Documents/Unicodes/ArchiSoftware/sha/sha512.scala[0m
2022.03.29 14:04:04 WARN  no build target for: /home/ducuara/Documents/Unicodes/ArchiSoftware/sha/sha512.scala[0m
2022.03.29 14:05:15 WARN  no build target for: /home/ducuara/Documents/Unicodes/ArchiSoftware/sha/sha512.scala[0m
2022.03.29 14:06:03 WARN  no build target for: /home/ducuara/Documents/Unicodes/ArchiSoftware/sha/sha512.scala[0m
2022.03.29 14:06:34 WARN  no build target for: /home/ducuara/Documents/Unicodes/ArchiSoftware/sha/sha512.scala[0m
2022.03.29 14:09:33 WARN  no build target for: /home/ducuara/Documents/Unicodes/ArchiSoftware/sha/sha512.scala[0m
2022.03.29 14:10:37 WARN  no build target for: /home/ducuara/Documents/Unicodes/ArchiSoftware/sha/sha512.scala[0m
2022.03.29 14:11:36 WARN  no build target for: /home/ducuara/Documents/Unicodes/ArchiSoftware/sha/sha512.scala[0m
2022.03.29 14:23:05 WARN  no build target for: /home/ducuara/Documents/Unicodes/ArchiSoftware/sha/sha512.scala[0m
2022.03.29 14:23:25 WARN  no build target for: /home/ducuara/Documents/Unicodes/ArchiSoftware/sha/sha512.scala[0m
2022.03.29 14:24:06 WARN  no build target for: /home/ducuara/Documents/Unicodes/ArchiSoftware/sha/sha512.scala[0m
2022.03.29 14:31:21 WARN  resetting database: /home/ducuara/Documents/Unicodes/ArchiSoftware/.metals/metals.h2.db[0m
2022.03.29 15:07:27 INFO  tracing is disabled for protocol LSP, to enable tracing of incoming and outgoing JSON messages create an empty file at /home/ducuara/Documents/Unicodes/ArchiSoftware/.metals/lsp.trace.json or /home/ducuara/.cache/metals/lsp.trace.json[0m
2022.03.29 15:07:28 INFO  logging to file /home/ducuara/Documents/Unicodes/ArchiSoftware/.metals/metals.log[0m
2022.03.29 15:07:28 INFO  Started: Metals version 0.11.1 in workspace '/home/ducuara/Documents/Unicodes/ArchiSoftware' for client coc.nvim 0.0.80.[0m
2022.03.29 15:07:28 INFO  Parse release: 11.0.15[0m
2022.03.29 15:07:32 INFO  time: initialize in 4.07s[0m
2022.03.29 15:07:34 WARN  Build server is not auto-connectable.[0m
2022.03.29 15:07:34 WARN  no build tool detected in workspace '/home/ducuara/Documents/Unicodes/ArchiSoftware'. The most common cause for this problem is that the editor was opened in the wrong working directory, for example if you use sbt then the workspace directory should contain build.sbt. [0m
2022.03.29 15:07:35 WARN  no build target for: /home/ducuara/Documents/Unicodes/ArchiSoftware/sha/sha512.scala[0m
2022.03.29 15:07:42 INFO  no build target found for /home/ducuara/Documents/Unicodes/ArchiSoftware/sha/sha512.scala. Using presentation compiler with project's scala-library version: 3.1.0[0m
2022.03.29 15:36:36 WARN  no build target for: /home/ducuara/Documents/Unicodes/ArchiSoftware/sha/sha512.scala[0m
2022.03.29 15:37:11 WARN  no build target for: /home/ducuara/Documents/Unicodes/ArchiSoftware/sha/sha512.scala[0m
2022.03.29 15:42:35 WARN  no build target for: /home/ducuara/Documents/Unicodes/ArchiSoftware/sha/sha512.scala[0m
2022.03.29 15:44:06 WARN  no build target for: /home/ducuara/Documents/Unicodes/ArchiSoftware/sha/sha512.scala[0m
2022.03.29 15:44:30 WARN  no build target for: /home/ducuara/Documents/Unicodes/ArchiSoftware/sha/sha512.scala[0m
2022.03.29 15:44:53 WARN  no build target for: /home/ducuara/Documents/Unicodes/ArchiSoftware/sha/sha512.scala[0m
2022.03.29 15:45:40 WARN  no build target for: /home/ducuara/Documents/Unicodes/ArchiSoftware/sha/sha512.scala[0m
2022.03.29 15:46:24 WARN  no build target for: /home/ducuara/Documents/Unicodes/ArchiSoftware/sha/sha512.scala[0m
2022.03.29 15:48:12 WARN  no build target for: /home/ducuara/Documents/Unicodes/ArchiSoftware/sha/sha512.scala[0m
2022.03.29 15:50:04 WARN  no build target for: /home/ducuara/Documents/Unicodes/ArchiSoftware/sha/sha512.scala[0m
2022.03.29 15:50:45 WARN  no build target for: /home/ducuara/Documents/Unicodes/ArchiSoftware/sha/sha512.scala[0m
2022.03.29 16:12:30 WARN  no build target for: /home/ducuara/Documents/Unicodes/ArchiSoftware/sha/sha512.scala[0m
2022.03.29 16:17:43 WARN  no build target for: /home/ducuara/Documents/Unicodes/ArchiSoftware/sha/sha512.scala[0m
2022.03.29 16:19:10 WARN  no build target for: /home/ducuara/Documents/Unicodes/ArchiSoftware/sha/sha512.scala[0m
2022.03.29 16:19:18 WARN  no build target for: /home/ducuara/Documents/Unicodes/ArchiSoftware/sha/sha512.scala[0m
2022.03.29 16:22:41 WARN  no build target for: /home/ducuara/Documents/Unicodes/ArchiSoftware/sha/sha512.scala[0m
2022.03.29 16:28:26 WARN  no build target for: /home/ducuara/Documents/Unicodes/ArchiSoftware/sha/sha512.scala[0m
2022.03.29 16:29:05 WARN  no build target for: /home/ducuara/Documents/Unicodes/ArchiSoftware/sha/sha512.scala[0m
2022.03.29 16:30:30 WARN  no build target for: /home/ducuara/Documents/Unicodes/ArchiSoftware/sha/sha512.scala[0m
2022.03.30 14:00:51 INFO  tracing is disabled for protocol LSP, to enable tracing of incoming and outgoing JSON messages create an empty file at /home/ducuara/Documents/Unicodes/ArchiSoftware/.metals/lsp.trace.json or /home/ducuara/.cache/metals/lsp.trace.json[0m
2022.03.30 14:00:52 INFO  logging to file /home/ducuara/Documents/Unicodes/ArchiSoftware/.metals/metals.log[0m
2022.03.30 14:00:52 INFO  Started: Metals version 0.11.1 in workspace '/home/ducuara/Documents/Unicodes/ArchiSoftware' for client coc.nvim 0.0.80.[0m
2022.03.30 14:00:52 INFO  Parse release: 11.0.15[0m
2022.03.30 14:00:57 INFO  time: initialize in 4.75s[0m
2022.03.30 14:01:01 WARN  Build server is not auto-connectable.[0m
2022.03.30 14:01:01 WARN  no build tool detected in workspace '/home/ducuara/Documents/Unicodes/ArchiSoftware'. The most common cause for this problem is that the editor was opened in the wrong working directory, for example if you use sbt then the workspace directory should contain build.sbt. [0m
2022.03.30 14:01:02 WARN  no build target for: /home/ducuara/Documents/Unicodes/ArchiSoftware/sha/sha512.scala[0m
2022.03.30 14:01:09 INFO  no build target found for /home/ducuara/Documents/Unicodes/ArchiSoftware/sha/sha512.scala. Using presentation compiler with project's scala-library version: 3.1.0[0m
2022.03.30 14:02:06 WARN  no build target for: /home/ducuara/Documents/Unicodes/ArchiSoftware/sha/sha512.scala[0m
2022.03.30 14:02:09 WARN  no build target for: /home/ducuara/Documents/Unicodes/ArchiSoftware/sha/sha512.scala[0m
2022.03.30 14:02:33 WARN  no build target for: /home/ducuara/Documents/Unicodes/ArchiSoftware/sha/sha512.scala[0m
2022.03.30 14:04:47 WARN  no build target for: /home/ducuara/Documents/Unicodes/ArchiSoftware/sha/sha512.scala[0m
2022.03.30 14:05:18 WARN  no build target for: /home/ducuara/Documents/Unicodes/ArchiSoftware/sha/sha512.scala[0m
2022.03.30 14:05:42 WARN  no build target for: /home/ducuara/Documents/Unicodes/ArchiSoftware/sha/sha512.scala[0m
2022.03.30 14:06:26 WARN  no build target for: /home/ducuara/Documents/Unicodes/ArchiSoftware/sha/sha512.scala[0m
2022.03.30 14:06:52 WARN  no build target for: /home/ducuara/Documents/Unicodes/ArchiSoftware/sha/sha512.scala[0m
2022.03.30 14:07:32 WARN  no build target for: /home/ducuara/Documents/Unicodes/ArchiSoftware/sha/sha512.scala[0m
2022.03.30 16:16:33 WARN  no build target for: /home/ducuara/Documents/Unicodes/ArchiSoftware/sha/sha512.scala[0m
2022.03.30 16:51:31 INFO  Started: Metals version 0.11.1 in workspace '/home/ducuara/Documents/Unicodes/ArchiSoftware' for client coc.nvim 0.0.80.[0m
2022.03.30 16:51:31 INFO  Parse release: 11.0.15[0m
2022.03.30 16:51:35 INFO  time: initialize in 4.33s[0m
2022.03.30 16:51:39 WARN  Build server is not auto-connectable.[0m
2022.03.30 16:51:39 WARN  no build tool detected in workspace '/home/ducuara/Documents/Unicodes/ArchiSoftware'. The most common cause for this problem is that the editor was opened in the wrong working directory, for example if you use sbt then the workspace directory should contain build.sbt. [0m
2022.03.30 16:51:40 WARN  no build target for: /home/ducuara/Documents/Unicodes/ArchiSoftware/sha/sha512.scala[0m
2022.03.30 16:51:46 INFO  no build target found for /home/ducuara/Documents/Unicodes/ArchiSoftware/sha/sha512.scala. Using presentation compiler with project's scala-library version: 3.1.0[0m
2022.03.30 16:55:58 WARN  no build target for: /home/ducuara/Documents/Unicodes/ArchiSoftware/sha/sha512.scala[0m
2022.03.30 16:59:24 WARN  no build target for: /home/ducuara/Documents/Unicodes/ArchiSoftware/sha/sha512.scala[0m
2022.03.30 17:00:00 WARN  no build target for: /home/ducuara/Documents/Unicodes/ArchiSoftware/sha/sha512.scala[0m
2022.03.30 17:55:25 INFO  Started: Metals version 0.11.1 in workspace '/home/ducuara/Documents/Unicodes/ArchiSoftware' for client coc.nvim 0.0.80.[0m
2022.03.30 17:55:25 INFO  Parse release: 11.0.15[0m
2022.03.30 17:55:29 INFO  time: initialize in 4.6s[0m
2022.03.30 17:55:33 WARN  Build server is not auto-connectable.[0m
2022.03.30 17:55:33 WARN  no build tool detected in workspace '/home/ducuara/Documents/Unicodes/ArchiSoftware'. The most common cause for this problem is that the editor was opened in the wrong working directory, for example if you use sbt then the workspace directory should contain build.sbt. [0m
2022.03.30 17:55:33 WARN  no build target for: /home/ducuara/Documents/Unicodes/ArchiSoftware/sha/sha512.scala[0m
2022.03.30 17:55:40 INFO  no build target found for /home/ducuara/Documents/Unicodes/ArchiSoftware/sha/sha512.scala. Using presentation compiler with project's scala-library version: 3.1.0[0m
2022.03.31 15:06:26 INFO  tracing is disabled for protocol LSP, to enable tracing of incoming and outgoing JSON messages create an empty file at /home/ducuara/Documents/Unicodes/ArchiSoftware/.metals/lsp.trace.json or /home/ducuara/.cache/metals/lsp.trace.json[0m
2022.03.31 15:06:27 INFO  logging to file /home/ducuara/Documents/Unicodes/ArchiSoftware/.metals/metals.log[0m
2022.03.31 15:06:27 INFO  Started: Metals version 0.11.1 in workspace '/home/ducuara/Documents/Unicodes/ArchiSoftware' for client coc.nvim 0.0.80.[0m
2022.03.31 15:06:27 INFO  Parse release: 11.0.15[0m
2022.03.31 15:06:32 INFO  time: initialize in 4.45s[0m
2022.03.31 15:06:36 WARN  Build server is not auto-connectable.[0m
2022.03.31 15:06:36 WARN  no build tool detected in workspace '/home/ducuara/Documents/Unicodes/ArchiSoftware'. The most common cause for this problem is that the editor was opened in the wrong working directory, for example if you use sbt then the workspace directory should contain build.sbt. [0m
2022.03.31 15:06:36 WARN  no build target for: /home/ducuara/Documents/Unicodes/ArchiSoftware/sha/sha512.scala[0m
2022.03.31 15:06:43 INFO  no build target found for /home/ducuara/Documents/Unicodes/ArchiSoftware/sha/sha512.scala. Using presentation compiler with project's scala-library version: 3.1.0[0m
2022.03.31 19:38:00 WARN  no build target for: /home/ducuara/Documents/Unicodes/ArchiSoftware/sha/sha512.scala[0m
